\BOOKMARK [0][-]{section*.1}{\376\377\151\202\211\201}{}% 1
\BOOKMARK [0][-]{chapter.1}{\376\377\060\157\060\130\060\201\060\153}{}% 2
\BOOKMARK [1][-]{section.1.1}{\376\377\170\024\172\166\200\314\146\157}{chapter.1}% 3
\BOOKMARK [1][-]{section.1.2}{\376\377\170\024\172\166\166\356\166\204}{chapter.1}% 4
\BOOKMARK [1][-]{section.1.3}{\376\377\147\054\212\326\145\207\060\156\151\313\142\020}{chapter.1}% 5
\BOOKMARK [0][-]{chapter.2}{\376\377\122\115\143\320\167\345\213\130}{}% 6
\BOOKMARK [1][-]{section.2.1}{\376\377\060\326\060\355\060\303\060\257\060\301\060\247\060\374\060\363}{chapter.2}% 7
\BOOKMARK [1][-]{section.2.2}{\376\377\060\271\060\336\060\374\060\310\060\263\060\363\060\310\060\351\060\257\060\310}{chapter.2}% 8
\BOOKMARK [1][-]{section.2.3}{\376\377\000D\000T\000V\000M}{chapter.2}% 9
\BOOKMARK [0][-]{chapter.3}{\376\377\143\320\150\110\142\113\154\325}{}% 10
\BOOKMARK [1][-]{section.3.1}{\376\377\060\252\060\325\060\301\060\247\060\374\060\363\133\237\210\114\000+\060\252\060\363\060\351\060\244\060\363\124\014\147\037\000:\000D\000T\000V\000M\060\150\060\326\060\355\060\303\060\257\060\301\060\247\060\374\060\363\060\156\143\245\175\232\152\137\151\313}{chapter.3}% 11
\BOOKMARK [1][-]{section.3.2}{\376\377\121\167\117\123\166\204\060\152\116\325\175\104\060\177\060\153\060\144\060\104\060\146}{chapter.3}% 12
\BOOKMARK [0][-]{chapter.4}{\376\377\212\125\117\241\133\237\232\023}{}% 13
\BOOKMARK [1][-]{section.4.1}{\376\377\133\237\232\023\151\202\211\201}{chapter.4}% 14
\BOOKMARK [1][-]{section.4.2}{\376\377\133\237\232\023\164\260\130\203}{chapter.4}% 15
\BOOKMARK [1][-]{section.4.3}{\376\377\133\237\232\023\121\205\133\271}{chapter.4}% 16
\BOOKMARK [1][-]{section.4.4}{\376\377\133\237\232\023\175\120\147\234}{chapter.4}% 17
\BOOKMARK [1][-]{section.4.5}{\376\377\200\003\133\337}{chapter.4}% 18
\BOOKMARK [0][-]{chapter.5}{\376\377\060\112\060\217\060\212\060\153}{}% 19
\BOOKMARK [1][-]{section.5.1}{\376\377\060\176\060\150\060\201}{chapter.5}% 20
\BOOKMARK [1][-]{section.5.2}{\376\377\116\312\137\214\060\156\212\262\230\114}{chapter.5}% 21
\BOOKMARK [0][-]{chapter*.20}{\376\377\123\302\200\003\145\207\163\056}{}% 22
